#
# A fatal error has been detected by the Java Runtime Environment:
#
#  EXCEPTION_ACCESS_VIOLATION (0xc0000005) at pc=0x000000006ac57b9f, pid=12480, tid=0x00000000000007e4
#
# JRE version: Java(TM) SE Runtime Environment (8.0_191-b12) (build 1.8.0_191-b12)
# Java VM: Java HotSpot(TM) 64-Bit Server VM (25.191-b12 mixed mode windows-amd64 compressed oops)
# Problematic frame:
# V  [jvm.dll+0xf7b9f]
#
# Failed to write core dump. Minidumps are not enabled by default on client versions of Windows
#
# If you would like to submit a bug report, please visit:
#   http://bugreport.java.com/bugreport/crash.jsp
#

---------------  T H R E A D  ---------------

Current thread (0x00000000194f7800):  VMThread [stack: 0x000000001a590000,0x000000001a690000] [id=2020]

siginfo: ExceptionCode=0xc0000005, reading address 0x00000000190985c8

Registers:
RAX=0x00000000001080c0, RBX=0x0000000000000000, RCX=0x0000000018f904f8, RDX=0x0000000000008406
RSP=0x000000001a68edd8, RBP=0x000000001a68f350, RSI=0x000000001a68f4e0, RDI=0x000000001a68f4e0
R8 =0x0000000000000000, R9 =0x0000000018f90070, R10=0x0000000000000008, R11=0x0000000018f903fa
R12=0x0000000019405528, R13=0x000000001a68f310, R14=0x00000000000003d8, R15=0x000000001a68f300
RIP=0x000000006ac57b9f, EFLAGS=0x0000000000010206

Top of Stack: (sp=0x000000001a68edd8)
0x000000001a68edd8:   000000006ac5f600 0000000000000000
0x000000001a68ede8:   0000000000000000 000000001a68f4e0
0x000000001a68edf8:   0000000000000000 0000000000000000
0x000000001a68ee08:   0000000000000000 000000006b168f18
0x000000001a68ee18:   000000000498cc20 0000000000000002
0x000000001a68ee28:   000000000000000c 000000001a68ee50
0x000000001a68ee38:   0000000000000001 0000000046000057
0x000000001a68ee48:   0000000000000000 4fffffff4fffffff
0x000000001a68ee58:   0000000000000000 0000000000000000
0x000000001a68ee68:   0000000000000000 0000000000000000
0x000000001a68ee78:   0000000000000000 0000000000000000
0x000000001a68ee88:   0000000000000000 0000000000000000
0x000000001a68ee98:   0000000000000000 0000000000000000
0x000000001a68eea8:   0000000000000000 0000000000000000
0x000000001a68eeb8:   0000000000000000 0000000000000000
0x000000001a68eec8:   0000000000000000 0000000000000000 

Instructions: (pc=0x000000006ac57b9f)
0x000000006ac57b7f:   74 3e 85 d2 79 13 f7 d2 48 63 c2 48 c1 e0 05 48
0x000000006ac57b8f:   8b 44 08 10 0f b7 c0 eb 12 48 63 c2 48 c1 e0 05
0x000000006ac57b9f:   48 8b 44 08 10 0f b7 d0 48 63 c2 41 0f b7 4c c1
0x000000006ac57baf:   52 48 63 c1 41 0f b7 44 c1 52 49 8b 44 c1 50 c3 


Register to memory mapping:

RAX=0x00000000001080c0 is an unknown value
RBX=0x0000000000000000 is an unknown value
RCX=0x0000000018f904f8 is pointing into metadata
RDX=0x0000000000008406 is an unknown value
RSP=0x000000001a68edd8 is an unknown value
RBP=0x000000001a68f350 is an unknown value
RSI=0x000000001a68f4e0 is an unknown value
RDI=0x000000001a68f4e0 is an unknown value
R8 =0x0000000000000000 is an unknown value
R9 =0x0000000018f90070 is pointing into metadata
R10=0x0000000000000008 is an unknown value
R11=0x0000000018f903fa is pointing into metadata
R12=0x0000000019405528 is an unknown value
R13=0x000000001a68f310 is an unknown value
R14=0x00000000000003d8 is an unknown value
R15=0x000000001a68f300 is an unknown value


Stack: [0x000000001a590000,0x000000001a690000],  sp=0x000000001a68edd8,  free space=1019k
Native frames: (J=compiled Java code, j=interpreted, Vv=VM code, C=native code)
V  [jvm.dll+0xf7b9f]

VM_Operation (0x000000001b0bf730): GetOrSetLocal, mode: safepoint, requested by thread 0x000000001953c800


---------------  P R O C E S S  ---------------

Java Threads: ( => current thread )
  0x000000001b61d800 JavaThread "Service Thread" daemon [_thread_blocked, id=4540, stack(0x000000001b9c0000,0x000000001bac0000)]
  0x0000000019568800 JavaThread "C1 CompilerThread2" daemon [_thread_blocked, id=10648, stack(0x000000001b4c0000,0x000000001b5c0000)]
  0x000000001955b000 JavaThread "C2 CompilerThread1" daemon [_thread_blocked, id=5320, stack(0x000000001b3c0000,0x000000001b4c0000)]
  0x0000000019559000 JavaThread "C2 CompilerThread0" daemon [_thread_blocked, id=10176, stack(0x000000001b2c0000,0x000000001b3c0000)]
  0x000000001954d800 JavaThread "JDWP Command Reader" daemon [_thread_in_native, id=11520, stack(0x000000001b1c0000,0x000000001b2c0000)]
  0x000000001954c800 JavaThread "JDWP Event Helper Thread" daemon [_thread_blocked, id=2124, stack(0x000000001b0c0000,0x000000001b1c0000)]
  0x000000001953c800 JavaThread "JDWP Transport Listener: dt_socket" daemon [_thread_blocked, id=5696, stack(0x000000001afc0000,0x000000001b0c0000)]
  0x0000000019532000 JavaThread "Attach Listener" daemon [_thread_blocked, id=10032, stack(0x000000001ab80000,0x000000001ac80000)]
  0x0000000019531000 JavaThread "Signal Dispatcher" daemon [_thread_blocked, id=9464, stack(0x000000001aa80000,0x000000001ab80000)]
  0x000000001951f000 JavaThread "Finalizer" daemon [_thread_blocked, id=7608, stack(0x000000001a890000,0x000000001a990000)]
  0x00000000194f8800 JavaThread "Reference Handler" daemon [_thread_blocked, id=10704, stack(0x000000001a790000,0x000000001a890000)]
  0x0000000004943800 JavaThread "main" [_thread_blocked, id=2900, stack(0x0000000004740000,0x0000000004840000)]

Other Threads:
=>0x00000000194f7800 VMThread [stack: 0x000000001a590000,0x000000001a690000] [id=2020]
  0x000000001b638800 WatcherThread [stack: 0x000000001bac0000,0x000000001bbc0000] [id=10320]

VM state:at safepoint (normal execution)

VM Mutex/Monitor currently owned by a thread:  ([mutex/lock_event])
[0x0000000004940650] Threads_lock - owner thread: 0x00000000194f7800

Heap:
 PSYoungGen      total 37888K, used 1966K [0x00000000d6000000, 0x00000000d8a00000, 0x0000000100000000)
  eden space 32768K, 6% used [0x00000000d6000000,0x00000000d61eb890,0x00000000d8000000)
  from space 5120K, 0% used [0x00000000d8500000,0x00000000d8500000,0x00000000d8a00000)
  to   space 5120K, 0% used [0x00000000d8000000,0x00000000d8000000,0x00000000d8500000)
 ParOldGen       total 86016K, used 0K [0x0000000082000000, 0x0000000087400000, 0x00000000d6000000)
  object space 86016K, 0% used [0x0000000082000000,0x0000000082000000,0x0000000087400000)
 Metaspace       used 2512K, capacity 4500K, committed 4864K, reserved 1056768K
  class space    used 276K, capacity 388K, committed 512K, reserved 1048576K

Card table byte_map: [0x0000000013e00000,0x0000000014200000] byte_map_base: 0x00000000139f0000

Marking Bits: (ParMarkBitMap*) 0x000000006b383e30
 Begin Bits: [0x00000000148a0000, 0x0000000016820000)
 End Bits:   [0x0000000016820000, 0x00000000187a0000)

Polling page: 0x0000000002f50000

CodeCache: size=245760Kb used=1099Kb max_used=1099Kb free=244660Kb
 bounds [0x0000000004a40000, 0x0000000004cb0000, 0x0000000013a40000]
 total_blobs=244 nmethods=22 adapters=144
 compilation: enabled

Compilation events (10 events):
Event: 0.613 Thread 0x0000000019568800   20  s    3       java.lang.StringBuffer::append (13 bytes)
Event: 0.614 Thread 0x0000000019568800 nmethod 20 0x0000000004b4f490 code [0x0000000004b4f640, 0x0000000004b4fd78]
Event: 0.614 Thread 0x0000000019568800   18       3       java.lang.Math::min (11 bytes)
Event: 0.614 Thread 0x0000000019568800 nmethod 18 0x0000000004b50190 code [0x0000000004b502e0, 0x0000000004b50470]
Event: 0.614 Thread 0x0000000019568800   16       3       java.lang.AbstractStringBuilder::append (50 bytes)
Event: 0.615 Thread 0x0000000019568800 nmethod 16 0x0000000004b504d0 code [0x0000000004b506a0, 0x0000000004b50df8]
Event: 0.615 Thread 0x0000000019568800   21       1       java.io.File::getPath (5 bytes)
Event: 0.615 Thread 0x0000000019568800 nmethod 21 0x0000000004b51110 code [0x0000000004b51260, 0x0000000004b51370]
Event: 0.622 Thread 0x0000000019568800   22       3       java.util.Arrays::copyOfRange (63 bytes)
Event: 0.623 Thread 0x0000000019568800 nmethod 22 0x0000000004b51bd0 code [0x0000000004b51de0, 0x0000000004b52958]

GC Heap History (0 events):
No events

Deoptimization events (0 events):
No events

Classes redefined (5 events):
Event: 3750.599 Thread 0x00000000194f7800 redefined class name=Pratice.Program_Sample.Pratice, count=1
Event: 3842.615 Thread 0x00000000194f7800 redefined class name=Pratice.Program_Sample.Pratice, count=2
Event: 3872.031 Thread 0x00000000194f7800 redefined class name=Pratice.Program_Sample.Pratice, count=3
Event: 4313.187 Thread 0x00000000194f7800 redefined class name=Pratice.Program_Sample.Pratice, count=4
Event: 4359.028 Thread 0x00000000194f7800 redefined class name=Pratice.Program_Sample.Pratice, count=5

Internal exceptions (2 events):
Event: 0.202 Thread 0x0000000004943800 Exception <a 'java/lang/NoSuchMethodError': Method sun.misc.Unsafe.defineClass(Ljava/lang/String;[BII)Ljava/lang/Class; name or signature does not match> (0x00000000d6007cb0) thrown at [C:\re\workspace\8-2-build-windows-amd64-cygwin\jdk8u191\11896\hotspot
Event: 0.202 Thread 0x0000000004943800 Exception <a 'java/lang/NoSuchMethodError': Method sun.misc.Unsafe.prefetchRead(Ljava/lang/Object;J)V name or signature does not match> (0x00000000d6007f98) thrown at [C:\re\workspace\8-2-build-windows-amd64-cygwin\jdk8u191\11896\hotspot\src\share\vm\prim

Events (10 events):
Event: 4313.196 Executing VM operation: GetOwnedMonitorInfo done
Event: 4313.197 Executing VM operation: GetCurrentContendedMonitor
Event: 4313.197 Executing VM operation: GetCurrentContendedMonitor done
Event: 4359.028 Executing VM operation: RedefineClasses
Event: 4359.028 Executing VM operation: RedefineClasses done
Event: 4359.056 Executing VM operation: GetOwnedMonitorInfo
Event: 4359.056 Executing VM operation: GetOwnedMonitorInfo done
Event: 4359.057 Executing VM operation: GetCurrentContendedMonitor
Event: 4359.057 Executing VM operation: GetCurrentContendedMonitor done
Event: 4373.028 Executing VM operation: GetOrSetLocal


Dynamic libraries:
0x00007ff753070000 - 0x00007ff7530a7000 	C:\Program Files\Java\jre1.8.0_191\bin\javaw.exe
0x00007fff44320000 - 0x00007fff44500000 	C:\WINDOWS\SYSTEM32\ntdll.dll
0x00007fff41b60000 - 0x00007fff41c0e000 	C:\WINDOWS\System32\KERNEL32.DLL
0x00007fff410c0000 - 0x00007fff41326000 	C:\WINDOWS\System32\KERNELBASE.dll
0x000000006c860000 - 0x000000006c8f5000 	C:\WINDOWS\System32\SYSFER.DLL
0x00007fff41f30000 - 0x00007fff41fd1000 	C:\WINDOWS\System32\ADVAPI32.dll
0x00007fff437e0000 - 0x00007fff4387d000 	C:\WINDOWS\System32\msvcrt.dll
0x00007fff41b00000 - 0x00007fff41b5b000 	C:\WINDOWS\System32\sechost.dll
0x00007fff41800000 - 0x00007fff4191f000 	C:\WINDOWS\System32\RPCRT4.dll
0x000000006b6f0000 - 0x000000006ba15000 	C:\ProgramData\Symantec\Symantec Endpoint Protection\14.0.3876.1100.105\Data\Definitions\IPSDefs\20190604.061\IPSEng64.dll
0x00007fff417f0000 - 0x00007fff417f8000 	C:\WINDOWS\System32\PSAPI.DLL
0x00007fff43cf0000 - 0x00007fff43e7f000 	C:\WINDOWS\System32\USER32.dll
0x00007fff417d0000 - 0x00007fff417f0000 	C:\WINDOWS\System32\win32u.dll
0x00007fff41950000 - 0x00007fff41978000 	C:\WINDOWS\System32\GDI32.dll
0x00007fff40780000 - 0x00007fff40913000 	C:\WINDOWS\System32\gdi32full.dll
0x00007fff41730000 - 0x00007fff417cb000 	C:\WINDOWS\System32\msvcp_win.dll
0x00007fff41630000 - 0x00007fff41724000 	C:\WINDOWS\System32\ucrtbase.dll
0x00007fff2db10000 - 0x00007fff2dd79000 	C:\WINDOWS\WinSxS\amd64_microsoft.windows.common-controls_6595b64144ccf1df_6.0.16299.1087_none_0f9074b65a6589b7\COMCTL32.dll
0x00007fff41c20000 - 0x00007fff41f26000 	C:\WINDOWS\System32\combase.dll
0x00007fff41330000 - 0x00007fff413a2000 	C:\WINDOWS\System32\bcryptPrimitives.dll
0x00007fff41920000 - 0x00007fff4194d000 	C:\WINDOWS\System32\IMM32.DLL
0x000000006b530000 - 0x000000006b602000 	C:\Program Files\Java\jre1.8.0_191\bin\msvcr100.dll
0x000000006ab60000 - 0x000000006b404000 	C:\Program Files\Java\jre1.8.0_191\bin\server\jvm.dll
0x00007fff27cd0000 - 0x00007fff27cd9000 	C:\WINDOWS\SYSTEM32\WSOCK32.dll
0x00007fff41980000 - 0x00007fff419ec000 	C:\WINDOWS\System32\WS2_32.dll
0x00007fff3d400000 - 0x00007fff3d423000 	C:\WINDOWS\SYSTEM32\WINMM.dll
0x00007fff32420000 - 0x00007fff3242a000 	C:\WINDOWS\SYSTEM32\VERSION.dll
0x00007fff3d310000 - 0x00007fff3d33a000 	C:\WINDOWS\SYSTEM32\WINMMBASE.dll
0x00007fff40920000 - 0x00007fff4096a000 	C:\WINDOWS\System32\cfgmgr32.dll
0x000000006aa70000 - 0x000000006aa7f000 	C:\Program Files\Java\jre1.8.0_191\bin\verify.dll
0x000000006aa40000 - 0x000000006aa69000 	C:\Program Files\Java\jre1.8.0_191\bin\java.dll
0x000000006b6b0000 - 0x000000006b6e5000 	C:\Program Files\Java\jre1.8.0_191\bin\jdwp.dll
0x000000006c000000 - 0x000000006c008000 	C:\Program Files\Java\jre1.8.0_191\bin\npt.dll
0x000000006aa20000 - 0x000000006aa36000 	C:\Program Files\Java\jre1.8.0_191\bin\zip.dll
0x00007fff41fe0000 - 0x00007fff43418000 	C:\WINDOWS\System32\SHELL32.dll
0x00007fff419f0000 - 0x00007fff41a96000 	C:\WINDOWS\System32\shcore.dll
0x00007fff40970000 - 0x00007fff410b7000 	C:\WINDOWS\System32\windows.storage.dll
0x00007fff44290000 - 0x00007fff442e1000 	C:\WINDOWS\System32\shlwapi.dll
0x00007fff406e0000 - 0x00007fff406f1000 	C:\WINDOWS\System32\kernel.appcore.dll
0x00007fff40690000 - 0x00007fff406dc000 	C:\WINDOWS\System32\powrprof.dll
0x00007fff40670000 - 0x00007fff4068b000 	C:\WINDOWS\System32\profapi.dll
0x000000006bff0000 - 0x000000006bff9000 	C:\Program Files\Java\jre1.8.0_191\bin\dt_socket.dll
0x00007fff21f70000 - 0x00007fff21f86000 	C:\WINDOWS\system32\napinsp.dll
0x00007fff21f50000 - 0x00007fff21f6a000 	C:\WINDOWS\system32\pnrpnsp.dll
0x00007fff3d580000 - 0x00007fff3d598000 	C:\WINDOWS\system32\NLAapi.dll
0x00007fff3ff00000 - 0x00007fff3ff66000 	C:\WINDOWS\System32\mswsock.dll
0x00007fff3fce0000 - 0x00007fff3fd96000 	C:\WINDOWS\SYSTEM32\DNSAPI.dll
0x00007fff44020000 - 0x00007fff44028000 	C:\WINDOWS\System32\NSI.dll
0x00007fff3fc90000 - 0x00007fff3fcc9000 	C:\WINDOWS\SYSTEM32\IPHLPAPI.DLL
0x00007fff34f50000 - 0x00007fff34f5e000 	C:\WINDOWS\System32\winrnr.dll
0x00007fff3cb30000 - 0x00007fff3cba0000 	C:\WINDOWS\System32\fwpuclnt.dll
0x00007fff401d0000 - 0x00007fff401f5000 	C:\WINDOWS\SYSTEM32\bcrypt.dll
0x00007fff38720000 - 0x00007fff3872a000 	C:\Windows\System32\rasadhlp.dll
0x00007fff2cd30000 - 0x00007fff2cef8000 	C:\WINDOWS\SYSTEM32\dbghelp.dll

VM Arguments:
jvm_args: -agentlib:jdwp=transport=dt_socket,suspend=y,address=localhost:51828 -Dfile.encoding=UTF-8 
java_command: Pratice.Program_Sample.Pratice
java_class_path (initial): C:\BOI\Rama_Pratice_Workspace\Program_Sample\target\classes;C:\BOI\CMA 3.0\Software\jar_files\pdfbox-app-1.8.11.jar;C:\BOI\CMA 3.0\Software\eclipse-jee-luna-SR2-win32-x86_64\eclipse-jee-luna-SR2-win32-x86_64\eclipse\plugins\org.testng_6.14.2.r201802161450.jar;C:\BOI\CMA 3.0\Software\eclipse-jee-luna-SR2-win32-x86_64\eclipse-jee-luna-SR2-win32-x86_64\eclipse\plugins\com.beust.jcommander_1.72.0.jar;C:\BOI\CMA 3.0\Software\eclipse-jee-luna-SR2-win32-x86_64\eclipse-jee-luna-SR2-win32-x86_64\eclipse\plugins\org.apache-extras.beanshell.bsh_2.0.0.b6.jar;C:\BOI\CMA 3.0\Software\eclipse-jee-luna-SR2-win32-x86_64\eclipse-jee-luna-SR2-win32-x86_64\eclipse\plugins\org.yaml.snakeyaml_1.17.0.jar;C:\Users\ramaaror\.m2\repository\org\seleniumhq\selenium\selenium-java\2.53.0\selenium-java-2.53.0.jar;C:\Users\ramaaror\.m2\repository\org\seleniumhq\selenium\selenium-chrome-driver\2.53.0\selenium-chrome-driver-2.53.0.jar;C:\Users\ramaaror\.m2\repository\org\seleniumhq\selenium\selenium-remote-driver\2.53.0\selenium-remote-driver-2.53.0.jar;C:\Users\ramaaror\.m2\repository\cglib\cglib-nodep\2.1_3\cglib-nodep-2.1_3.jar;C:\Users\ramaaror\.m2\repository\com\google\code\gson\gson\2.3.1\gson-2.3.1.jar;C:\Users\ramaaror\.m2\repository\org\seleniumhq\selenium\selenium-api\2.53.0\selenium-api-2.53.0.jar;C:\Users\ramaaror\.m2\repository\org\apache\httpcomponents\httpclient\4.5.1\httpclient-4.5.1.jar;C:\Users\ramaaror\.m2\repository\org\apache\httpcomponents\httpcore\4.4.3\httpcore-4.4.3.jar;C:\Users\ramaaror\.m2\repository\commons-logging\commons-logging\1.2\commons-logging-1.2.jar;C:\Users\ramaaror\.m2\repository\commons-codec\commons-codec\1.9\commons-codec-1.9.jar;C:\Users\ramaaror\.m2\repository\com\google\guava\guava\19.0\guava-19.0.jar;C:\Users\ramaaror\.m2\repository\org\seleniumhq\selenium\selenium-edge-driver\2.53.0\selenium-edge-driver-2.53.0.jar;C:\Users\ramaaror\.m2\repository\commons-io\commons-io\2.4\commons-io-2.4.jar;C:\Users\ramaaror\.m2\repository\o
Launcher Type: SUN_STANDARD

Environment Variables:
JAVA_HOME=C:\Program Files\Java\jdk1.8.0_191
PATH=C:/Program Files/Java/jre1.8.0_191/bin/server;C:/Program Files/Java/jre1.8.0_191/bin;C:/Program Files/Java/jre1.8.0_191/lib/amd64;C:\Program Files (x86)\Common Files\Oracle\Java\javapath;C:\WINDOWS\system32;C:\WINDOWS;C:\WINDOWS\System32\Wbem;C:\WINDOWS\System32\WindowsPowerShell\v1.0\;C:\Program Files (x86)\QuickTime\QTSystem\;C:\Program Files\CapgeminiScripts\Support Tools\;C:\Program Files\Java\jdk1.8.0_191\bin;C:\apache-maven-3.6.0-bin\apache-maven-3.6.0\bin;C:\Program Files\Intel\WiFi\bin\;C:\Program Files\Common Files\Intel\WirelessCommon\;C:\Users\ramaaror\AppData\Local\Microsoft\WindowsApps;C:\BOI\CMA 3.0\Software\eclipse-jee-luna-SR2-win32-x86_64\eclipse-jee-luna-SR2-win32-x86_64\eclipse;
USERNAME=ramaaror
OS=Windows_NT
PROCESSOR_IDENTIFIER=Intel64 Family 6 Model 78 Stepping 3, GenuineIntel



---------------  S Y S T E M  ---------------

OS: Windows 10.0 , 64 bit Build 16299 (10.0.16299.1087)

CPU:total 4 (initial active 4) (2 cores per cpu, 2 threads per core) family 6 model 78 stepping 3, cmov, cx8, fxsr, mmx, sse, sse2, sse3, ssse3, sse4.1, sse4.2, popcnt, avx, avx2, aes, clmul, erms, rtm, 3dnowpref, lzcnt, ht, tsc, tscinvbit, bmi1, bmi2, adx

Memory: 4k page, physical 8252568k(3700512k free), swap 16379032k(10806152k free)

vm_info: Java HotSpot(TM) 64-Bit Server VM (25.191-b12) for windows-amd64 JRE (1.8.0_191-b12), built on Oct  6 2018 09:29:03 by "java_re" with MS VC++ 10.0 (VS2010)

time: Wed Jun 05 17:09:09 2019
elapsed time: 4373 seconds (0d 1h 12m 53s)

